# JRE version: OpenJDK Runtime Environment Temurin-17.0.4.1+1 (17.0.4.1+1) (build 17.0.4.1+1)
# Java VM: OpenJDK 64-Bit Server VM Temurin-17.0.4.1+1 (17.0.4.1+1, mixed mode, tiered, compressed oops, compressed class ptrs, parallel gc, windows-amd64)
GC Precious Log:
 CPUs: 8 total, 8 available
 Memory: 24459M
 Large Page Support: Disabled
 NUMA Support: Disabled
 Compressed Oops: Enabled (32-bit)
 Alignments: Space 512K, Generation 512K, Heap 2M
 Heap Min Capacity: 100M
 Heap Initial Capacity: 100M
 Heap Max Capacity: 1G
 Pre-touch: Disabled
 Parallel Workers: 8
Heap:
 PSYoungGen      total 3072K, used 416K [0x00000000eab00000, 0x00000000eaf00000, 0x0000000100000000)
  eden space 2560K, 0% used [0x00000000eab00000,0x00000000eab00000,0x00000000ead80000)
  from space 512K, 81% used [0x00000000eae00000,0x00000000eae68000,0x00000000eae80000)
  to   space 512K, 0% used [0x00000000eae80000,0x00000000eae80000,0x00000000eaf00000)
 ParOldGen       total 189440K, used 189267K [0x00000000c0000000, 0x00000000cb900000, 0x00000000eab00000)
  object space 189440K, 99% used [0x00000000c0000000,0x00000000cb8d4d08,0x00000000cb900000)
 Metaspace       used 73645K, committed 74624K, reserved 1122304K
  class space    used 8618K, committed 9088K, reserved 1048576K
GC Heap History (20 events):
Event: 82218.943 GC heap after
{Heap after GC invocations=1765 (full 30):
 PSYoungGen      total 3072K, used 384K [0x00000000eab00000, 0x00000000eaf00000, 0x0000000100000000)
  eden space 2560K, 0% used [0x00000000eab00000,0x00000000eab00000,0x00000000ead80000)
  from space 512K, 75% used [0x00000000eae80000,0x00000000eaee0000,0x00000000eaf00000)
  to   space 512K, 0% used [0x00000000eae00000,0x00000000eae00000,0x00000000eae80000)
 ParOldGen       total 189440K, used 186395K [0x00000000c0000000, 0x00000000cb900000, 0x00000000eab00000)
  object space 189440K, 98% used [0x00000000c0000000,0x00000000cb606d08,0x00000000cb900000)
 Metaspace       used 73645K, committed 74624K, reserved 1122304K
  class space    used 8618K, committed 9088K, reserved 1048576K
}
Event: 82218.995 GC heap before
{Heap before GC invocations=1766 (full 30):
 PSYoungGen      total 3072K, used 2943K [0x00000000eab00000, 0x00000000eaf00000, 0x0000000100000000)
  eden space 2560K, 99% used [0x00000000eab00000,0x00000000ead7ff80,0x00000000ead80000)
  from space 512K, 75% used [0x00000000eae80000,0x00000000eaee0000,0x00000000eaf00000)
  to   space 512K, 0% used [0x00000000eae00000,0x00000000eae00000,0x00000000eae80000)
 ParOldGen       total 189440K, used 186395K [0x00000000c0000000, 0x00000000cb900000, 0x00000000eab00000)
  object space 189440K, 98% used [0x00000000c0000000,0x00000000cb606d08,0x00000000cb900000)
 Metaspace       used 73645K, committed 74624K, reserved 1122304K
  class space    used 8618K, committed 9088K, reserved 1048576K
}
Event: 82218.998 GC heap after
{Heap after GC invocations=1766 (full 30):
 PSYoungGen      total 3072K, used 416K [0x00000000eab00000, 0x00000000eaf00000, 0x0000000100000000)
  eden space 2560K, 0% used [0x00000000eab00000,0x00000000eab00000,0x00000000ead80000)
  from space 512K, 81% used [0x00000000eae00000,0x00000000eae68000,0x00000000eae80000)
  to   space 512K, 0% used [0x00000000eae80000,0x00000000eae80000,0x00000000eaf00000)
 ParOldGen       total 189440K, used 186707K [0x00000000c0000000, 0x00000000cb900000, 0x00000000eab00000)
  object space 189440K, 98% used [0x00000000c0000000,0x00000000cb654d08,0x00000000cb900000)
 Metaspace       used 73645K, committed 74624K, reserved 1122304K
  class space    used 8618K, committed 9088K, reserved 1048576K
}
Event: 82219.004 GC heap before
{Heap before GC invocations=1767 (full 30):
 PSYoungGen      total 3072K, used 2976K [0x00000000eab00000, 0x00000000eaf00000, 0x0000000100000000)
  eden space 2560K, 100% used [0x00000000eab00000,0x00000000ead80000,0x00000000ead80000)
  from space 512K, 81% used [0x00000000eae00000,0x00000000eae68000,0x00000000eae80000)
  to   space 512K, 0% used [0x00000000eae80000,0x00000000eae80000,0x00000000eaf00000)
 ParOldGen       total 189440K, used 186707K [0x00000000c0000000, 0x00000000cb900000, 0x00000000eab00000)
  object space 189440K, 98% used [0x00000000c0000000,0x00000000cb654d08,0x00000000cb900000)
 Metaspace       used 73645K, committed 74624K, reserved 1122304K
  class space    used 8618K, committed 9088K, reserved 1048576K
}
Event: 82219.006 GC heap after
{Heap after GC invocations=1767 (full 30):
 PSYoungGen      total 3072K, used 448K [0x00000000eab00000, 0x00000000eaf00000, 0x0000000100000000)
  eden space 2560K, 0% used [0x00000000eab00000,0x00000000eab00000,0x00000000ead80000)
  from space 512K, 87% used [0x00000000eae80000,0x00000000eaef0000,0x00000000eaf00000)
  to   space 512K, 0% used [0x00000000eae00000,0x00000000eae00000,0x00000000eae80000)
 ParOldGen       total 189440K, used 187043K [0x00000000c0000000, 0x00000000cb900000, 0x00000000eab00000)
  object space 189440K, 98% used [0x00000000c0000000,0x00000000cb6a8d08,0x00000000cb900000)
 Metaspace       used 73645K, committed 74624K, reserved 1122304K
  class space    used 8618K, committed 9088K, reserved 1048576K
}
Event: 82219.090 GC heap before
{Heap before GC invocations=1768 (full 30):
 PSYoungGen      total 3072K, used 3008K [0x00000000eab00000, 0x00000000eaf00000, 0x0000000100000000)
  eden space 2560K, 100% used [0x00000000eab00000,0x00000000ead80000,0x00000000ead80000)
  from space 512K, 87% used [0x00000000eae80000,0x00000000eaef0000,0x00000000eaf00000)
  to   space 512K, 0% used [0x00000000eae00000,0x00000000eae00000,0x00000000eae80000)
 ParOldGen       total 189440K, used 187043K [0x00000000c0000000, 0x00000000cb900000, 0x00000000eab00000)
  object space 189440K, 98% used [0x00000000c0000000,0x00000000cb6a8d08,0x00000000cb900000)
 Metaspace       used 73645K, committed 74624K, reserved 1122304K
  class space    used 8618K, committed 9088K, reserved 1048576K
}
Event: 82219.092 GC heap after
{Heap after GC invocations=1768 (full 30):
 PSYoungGen      total 3072K, used 416K [0x00000000eab00000, 0x00000000eaf00000, 0x0000000100000000)
  eden space 2560K, 0% used [0x00000000eab00000,0x00000000eab00000,0x00000000ead80000)
  from space 512K, 81% used [0x00000000eae00000,0x00000000eae68000,0x00000000eae80000)
  to   space 512K, 0% used [0x00000000eae80000,0x00000000eae80000,0x00000000eaf00000)
 ParOldGen       total 189440K, used 187411K [0x00000000c0000000, 0x00000000cb900000, 0x00000000eab00000)
  object space 189440K, 98% used [0x00000000c0000000,0x00000000cb704d08,0x00000000cb900000)
 Metaspace       used 73645K, committed 74624K, reserved 1122304K
  class space    used 8618K, committed 9088K, reserved 1048576K
}
Event: 82219.193 GC heap before
{Heap before GC invocations=1769 (full 30):
 PSYoungGen      total 3072K, used 2972K [0x00000000eab00000, 0x00000000eaf00000, 0x0000000100000000)
  eden space 2560K, 99% used [0x00000000eab00000,0x00000000ead7f150,0x00000000ead80000)
  from space 512K, 81% used [0x00000000eae00000,0x00000000eae68000,0x00000000eae80000)
  to   space 512K, 0% used [0x00000000eae80000,0x00000000eae80000,0x00000000eaf00000)
 ParOldGen       total 189440K, used 187411K [0x00000000c0000000, 0x00000000cb900000, 0x00000000eab00000)
  object space 189440K, 98% used [0x00000000c0000000,0x00000000cb704d08,0x00000000cb900000)
 Metaspace       used 73645K, committed 74624K, reserved 1122304K
  class space    used 8618K, committed 9088K, reserved 1048576K
}
Event: 82219.195 GC heap after
{Heap after GC invocations=1769 (full 30):
 PSYoungGen      total 3072K, used 416K [0x00000000eab00000, 0x00000000eaf00000, 0x0000000100000000)
  eden space 2560K, 0% used [0x00000000eab00000,0x00000000eab00000,0x00000000ead80000)
  from space 512K, 81% used [0x00000000eae80000,0x00000000eaee8000,0x00000000eaf00000)
  to   space 512K, 0% used [0x00000000eae00000,0x00000000eae00000,0x00000000eae80000)
 ParOldGen       total 189440K, used 187699K [0x00000000c0000000, 0x00000000cb900000, 0x00000000eab00000)
  object space 189440K, 99% used [0x00000000c0000000,0x00000000cb74cd08,0x00000000cb900000)
 Metaspace       used 73645K, committed 74624K, reserved 1122304K
  class space    used 8618K, committed 9088K, reserved 1048576K
}
Event: 82219.438 GC heap before
{Heap before GC invocations=1770 (full 30):
 PSYoungGen      total 3072K, used 2971K [0x00000000eab00000, 0x00000000eaf00000, 0x0000000100000000)
  eden space 2560K, 99% used [0x00000000eab00000,0x00000000ead7edf0,0x00000000ead80000)
  from space 512K, 81% used [0x00000000eae80000,0x00000000eaee8000,0x00000000eaf00000)
  to   space 512K, 0% used [0x00000000eae00000,0x00000000eae00000,0x00000000eae80000)
 ParOldGen       total 189440K, used 187699K [0x00000000c0000000, 0x00000000cb900000, 0x00000000eab00000)
  object space 189440K, 99% used [0x00000000c0000000,0x00000000cb74cd08,0x00000000cb900000)
 Metaspace       used 73645K, committed 74624K, reserved 1122304K
  class space    used 8618K, committed 9088K, reserved 1048576K
}
Event: 82219.444 GC heap after
{Heap after GC invocations=1770 (full 30):
 PSYoungGen      total 3072K, used 480K [0x00000000eab00000, 0x00000000eaf00000, 0x0000000100000000)
  eden space 2560K, 0% used [0x00000000eab00000,0x00000000eab00000,0x00000000ead80000)
  from space 512K, 93% used [0x00000000eae00000,0x00000000eae78000,0x00000000eae80000)
  to   space 512K, 0% used [0x00000000eae80000,0x00000000eae80000,0x00000000eaf00000)
 ParOldGen       total 189440K, used 188003K [0x00000000c0000000, 0x00000000cb900000, 0x00000000eab00000)
  object space 189440K, 99% used [0x00000000c0000000,0x00000000cb798d08,0x00000000cb900000)
 Metaspace       used 73645K, committed 74624K, reserved 1122304K
  class space    used 8618K, committed 9088K, reserved 1048576K
}
Event: 82219.457 GC heap before
{Heap before GC invocations=1771 (full 30):
 PSYoungGen      total 3072K, used 3040K [0x00000000eab00000, 0x00000000eaf00000, 0x0000000100000000)
  eden space 2560K, 100% used [0x00000000eab00000,0x00000000ead80000,0x00000000ead80000)
  from space 512K, 93% used [0x00000000eae00000,0x00000000eae78000,0x00000000eae80000)
  to   space 512K, 0% used [0x00000000eae80000,0x00000000eae80000,0x00000000eaf00000)
 ParOldGen       total 189440K, used 188003K [0x00000000c0000000, 0x00000000cb900000, 0x00000000eab00000)
  object space 189440K, 99% used [0x00000000c0000000,0x00000000cb798d08,0x00000000cb900000)
 Metaspace       used 73645K, committed 74624K, reserved 1122304K
  class space    used 8618K, committed 9088K, reserved 1048576K
}
Event: 82219.460 GC heap after
{Heap after GC invocations=1771 (full 30):
 PSYoungGen      total 3072K, used 384K [0x00000000eab00000, 0x00000000eaf00000, 0x0000000100000000)
  eden space 2560K, 0% used [0x00000000eab00000,0x00000000eab00000,0x00000000ead80000)
  from space 512K, 75% used [0x00000000eae80000,0x00000000eaee0000,0x00000000eaf00000)
  to   space 512K, 0% used [0x00000000eae00000,0x00000000eae00000,0x00000000eae80000)
 ParOldGen       total 189440K, used 188331K [0x00000000c0000000, 0x00000000cb900000, 0x00000000eab00000)
  object space 189440K, 99% used [0x00000000c0000000,0x00000000cb7ead08,0x00000000cb900000)
 Metaspace       used 73645K, committed 74624K, reserved 1122304K
  class space    used 8618K, committed 9088K, reserved 1048576K
}
Event: 82219.597 GC heap before
{Heap before GC invocations=1772 (full 30):
 PSYoungGen      total 3072K, used 2944K [0x00000000eab00000, 0x00000000eaf00000, 0x0000000100000000)
  eden space 2560K, 100% used [0x00000000eab00000,0x00000000ead80000,0x00000000ead80000)
  from space 512K, 75% used [0x00000000eae80000,0x00000000eaee0000,0x00000000eaf00000)
  to   space 512K, 0% used [0x00000000eae00000,0x00000000eae00000,0x00000000eae80000)
 ParOldGen       total 189440K, used 188331K [0x00000000c0000000, 0x00000000cb900000, 0x00000000eab00000)
  object space 189440K, 99% used [0x00000000c0000000,0x00000000cb7ead08,0x00000000cb900000)
 Metaspace       used 73645K, committed 74624K, reserved 1122304K
  class space    used 8618K, committed 9088K, reserved 1048576K
}
Event: 82219.600 GC heap after
{Heap after GC invocations=1772 (full 30):
 PSYoungGen      total 3072K, used 416K [0x00000000eab00000, 0x00000000eaf00000, 0x0000000100000000)
  eden space 2560K, 0% used [0x00000000eab00000,0x00000000eab00000,0x00000000ead80000)
  from space 512K, 81% used [0x00000000eae00000,0x00000000eae68000,0x00000000eae80000)
  to   space 512K, 0% used [0x00000000eae80000,0x00000000eae80000,0x00000000eaf00000)
 ParOldGen       total 189440K, used 188635K [0x00000000c0000000, 0x00000000cb900000, 0x00000000eab00000)
  object space 189440K, 99% used [0x00000000c0000000,0x00000000cb836d08,0x00000000cb900000)
 Metaspace       used 73645K, committed 74624K, reserved 1122304K
  class space    used 8618K, committed 9088K, reserved 1048576K
}
Event: 82219.723 GC heap before
{Heap before GC invocations=1773 (full 30):
 PSYoungGen      total 3072K, used 2976K [0x00000000eab00000, 0x00000000eaf00000, 0x0000000100000000)
  eden space 2560K, 100% used [0x00000000eab00000,0x00000000ead80000,0x00000000ead80000)
  from space 512K, 81% used [0x00000000eae00000,0x00000000eae68000,0x00000000eae80000)
  to   space 512K, 0% used [0x00000000eae80000,0x00000000eae80000,0x00000000eaf00000)
 ParOldGen       total 189440K, used 188635K [0x00000000c0000000, 0x00000000cb900000, 0x00000000eab00000)
  object space 189440K, 99% used [0x00000000c0000000,0x00000000cb836d08,0x00000000cb900000)
 Metaspace       used 73645K, committed 74624K, reserved 1122304K
  class space    used 8618K, committed 9088K, reserved 1048576K
}
Event: 82219.727 GC heap after
{Heap after GC invocations=1773 (full 30):
 PSYoungGen      total 3072K, used 416K [0x00000000eab00000, 0x00000000eaf00000, 0x0000000100000000)
  eden space 2560K, 0% used [0x00000000eab00000,0x00000000eab00000,0x00000000ead80000)
  from space 512K, 81% used [0x00000000eae80000,0x00000000eaee8000,0x00000000eaf00000)
  to   space 512K, 0% used [0x00000000eae00000,0x00000000eae00000,0x00000000eae80000)
 ParOldGen       total 189440K, used 188947K [0x00000000c0000000, 0x00000000cb900000, 0x00000000eab00000)
  object space 189440K, 99% used [0x00000000c0000000,0x00000000cb884d08,0x00000000cb900000)
 Metaspace       used 73645K, committed 74624K, reserved 1122304K
  class space    used 8618K, committed 9088K, reserved 1048576K
}
Event: 82220.100 GC heap before
{Heap before GC invocations=1774 (full 30):
 PSYoungGen      total 3072K, used 2976K [0x00000000eab00000, 0x00000000eaf00000, 0x0000000100000000)
  eden space 2560K, 100% used [0x00000000eab00000,0x00000000ead80000,0x00000000ead80000)
  from space 512K, 81% used [0x00000000eae80000,0x00000000eaee8000,0x00000000eaf00000)
  to   space 512K, 0% used [0x00000000eae00000,0x00000000eae00000,0x00000000eae80000)
 ParOldGen       total 189440K, used 188947K [0x00000000c0000000, 0x00000000cb900000, 0x00000000eab00000)
  object space 189440K, 99% used [0x00000000c0000000,0x00000000cb884d08,0x00000000cb900000)
 Metaspace       used 73645K, committed 74624K, reserved 1122304K
  class space    used 8618K, committed 9088K, reserved 1048576K
}
Event: 82220.105 GC heap after
{Heap after GC invocations=1774 (full 30):
 PSYoungGen      total 3072K, used 416K [0x00000000eab00000, 0x00000000eaf00000, 0x0000000100000000)
  eden space 2560K, 0% used [0x00000000eab00000,0x00000000eab00000,0x00000000ead80000)
  from space 512K, 81% used [0x00000000eae00000,0x00000000eae68000,0x00000000eae80000)
  to   space 512K, 0% used [0x00000000eae80000,0x00000000eae80000,0x00000000eaf00000)
 ParOldGen       total 189440K, used 189267K [0x00000000c0000000, 0x00000000cb900000, 0x00000000eab00000)
  object space 189440K, 99% used [0x00000000c0000000,0x00000000cb8d4d08,0x00000000cb900000)
 Metaspace       used 73645K, committed 74624K, reserved 1122304K
  class space    used 8618K, committed 9088K, reserved 1048576K
}
Event: 82220.106 GC heap before
{Heap before GC invocations=1775 (full 31):
 PSYoungGen      total 3072K, used 416K [0x00000000eab00000, 0x00000000eaf00000, 0x0000000100000000)
  eden space 2560K, 0% used [0x00000000eab00000,0x00000000eab00000,0x00000000ead80000)
  from space 512K, 81% used [0x00000000eae00000,0x00000000eae68000,0x00000000eae80000)
  to   space 512K, 0% used [0x00000000eae80000,0x00000000eae80000,0x00000000eaf00000)
 ParOldGen       total 189440K, used 189267K [0x00000000c0000000, 0x00000000cb900000, 0x00000000eab00000)
  object space 189440K, 99% used [0x00000000c0000000,0x00000000cb8d4d08,0x00000000cb900000)
 Metaspace       used 73645K, committed 74624K, reserved 1122304K
  class space    used 8618K, committed 9088K, reserved 1048576K
}

